2025-12-05 21:37:09,058 - [CONTINUE] - Loading checkpoint from: D:\ai_code\CT_cnn\models\theoretical_ct_best_model.pth
2025-12-05 21:37:09,162 - [CONTINUE] - Model weights loaded successfully.
2025-12-05 21:37:09,163 - [CONTINUE] - Optimizer state restored.
2025-12-05 21:37:09,163 - [CONTINUE] - Resuming training from iter 2500
2025-12-05 21:37:09,163 - [CONTINUE] - Target iteration: 3500
2025-12-05 21:37:09,164 - [CONTINUE] - Gradient Accumulation Steps: 3 (Effective Batch Size: 30)
2025-12-05 21:37:09,164 - [CONTINUE] - Validation Interval: Every 10 accumulated steps
2025-12-05 21:37:09,164 - [CONTINUE] - Starting CONTINUATION training with Gradient Accumulation...
2025-12-05 21:40:33,826 - [CONTINUE] - Iter 2510/3500 | Loss: 0.02222 | Train RES: 0.0696 | Val RES: 0.0845 | LR: 0.000166
2025-12-05 21:42:53,327 - [CONTINUE] - Iter 2520/3500 | Loss: 0.02011 | Train RES: 0.0744 | Val RES: 0.0844 | LR: 0.000165
2025-12-05 21:45:06,187 - [CONTINUE] - Iter 2530/3500 | Loss: 0.01821 | Train RES: 0.0610 | Val RES: 0.0836 | LR: 0.000165
2025-12-05 21:47:17,396 - [CONTINUE] - Iter 2540/3500 | Loss: 0.01898 | Train RES: 0.0610 | Val RES: 0.0837 | LR: 0.000164
2025-12-05 21:49:28,572 - [CONTINUE] - Iter 2550/3500 | Loss: 0.01711 | Train RES: 0.0545 | Val RES: 0.0861 | LR: 0.000164
2025-12-05 21:51:42,585 - [CONTINUE] - Iter 2560/3500 | Loss: 0.01898 | Train RES: 0.0617 | Val RES: 0.0847 | LR: 0.000163
2025-12-05 21:53:56,606 - [CONTINUE] - Iter 2570/3500 | Loss: 0.01996 | Train RES: 0.0676 | Val RES: 0.0901 | LR: 0.000163
2025-12-05 21:56:09,350 - [CONTINUE] - Iter 2580/3500 | Loss: 0.02038 | Train RES: 0.0668 | Val RES: 0.0951 | LR: 0.000162
2025-12-05 21:58:20,520 - [CONTINUE] - Iter 2590/3500 | Loss: 0.02200 | Train RES: 0.0810 | Val RES: 0.0907 | LR: 0.000162
2025-12-05 22:00:36,882 - [CONTINUE] - Iter 2600/3500 | Loss: 0.02363 | Train RES: 0.0771 | Val RES: 0.0841 | LR: 0.000161
2025-12-05 22:02:49,123 - [CONTINUE] - Iter 2610/3500 | Loss: 0.02149 | Train RES: 0.0618 | Val RES: 0.0872 | LR: 0.000161
2025-12-05 22:05:01,809 - [CONTINUE] - Iter 2620/3500 | Loss: 0.01991 | Train RES: 0.0639 | Val RES: 0.0820 | LR: 0.000160
2025-12-05 22:07:17,022 - [CONTINUE] - Iter 2630/3500 | Loss: 0.01828 | Train RES: 0.0632 | Val RES: 0.0875 | LR: 0.000160
2025-12-05 22:09:30,163 - [CONTINUE] - Iter 2640/3500 | Loss: 0.02135 | Train RES: 0.0743 | Val RES: 0.0856 | LR: 0.000159
2025-12-05 22:11:42,146 - [CONTINUE] - Iter 2650/3500 | Loss: 0.01769 | Train RES: 0.0637 | Val RES: 0.0862 | LR: 0.000159
2025-12-05 22:13:51,991 - [CONTINUE] - Iter 2660/3500 | Loss: 0.01700 | Train RES: 0.0588 | Val RES: 0.0814 | LR: 0.000158 [BEST SAVED]
2025-12-05 22:16:01,715 - [CONTINUE] - Iter 2670/3500 | Loss: 0.02117 | Train RES: 0.0830 | Val RES: 0.0836 | LR: 0.000158
2025-12-05 22:18:11,695 - [CONTINUE] - Iter 2680/3500 | Loss: 0.01834 | Train RES: 0.0634 | Val RES: 0.0842 | LR: 0.000157
2025-12-05 22:20:22,795 - [CONTINUE] - Iter 2690/3500 | Loss: 0.02331 | Train RES: 0.0778 | Val RES: 0.0824 | LR: 0.000157
2025-12-05 22:22:48,125 - [CONTINUE] - Iter 2700/3500 | Loss: 0.02057 | Train RES: 0.0641 | Val RES: 0.0821 | LR: 0.000156 [BEST SAVED]
2025-12-05 22:25:00,560 - [CONTINUE] - Iter 2710/3500 | Loss: 0.02516 | Train RES: 0.1017 | Val RES: 0.0906 | LR: 0.000156
2025-12-05 22:27:13,273 - [CONTINUE] - Iter 2720/3500 | Loss: 0.02285 | Train RES: 0.0794 | Val RES: 0.0875 | LR: 0.000155
2025-12-05 22:29:23,673 - [CONTINUE] - Iter 2730/3500 | Loss: 0.02058 | Train RES: 0.0896 | Val RES: 0.0847 | LR: 0.000155
2025-12-05 22:31:37,291 - [CONTINUE] - Iter 2740/3500 | Loss: 0.01809 | Train RES: 0.0635 | Val RES: 0.0848 | LR: 0.000154
2025-12-05 22:33:47,979 - [CONTINUE] - Iter 2750/3500 | Loss: 0.02099 | Train RES: 0.0740 | Val RES: 0.0834 | LR: 0.000154
2025-12-05 22:35:57,562 - [CONTINUE] - Iter 2760/3500 | Loss: 0.01790 | Train RES: 0.0608 | Val RES: 0.0851 | LR: 0.000153
2025-12-05 22:38:07,462 - [CONTINUE] - Iter 2770/3500 | Loss: 0.02198 | Train RES: 0.1123 | Val RES: 0.0823 | LR: 0.000153
2025-12-05 22:40:17,196 - [CONTINUE] - Iter 2780/3500 | Loss: 0.02023 | Train RES: 0.0697 | Val RES: 0.0790 | LR: 0.000152 [BEST SAVED]
2025-12-05 22:42:28,980 - [CONTINUE] - Iter 2790/3500 | Loss: 0.01978 | Train RES: 0.0697 | Val RES: 0.0843 | LR: 0.000152
2025-12-05 22:44:41,911 - [CONTINUE] - Iter 2800/3500 | Loss: 0.01823 | Train RES: 0.0584 | Val RES: 0.0826 | LR: 0.000151
2025-12-05 22:46:51,705 - [CONTINUE] - Iter 2810/3500 | Loss: 0.01814 | Train RES: 0.0665 | Val RES: 0.0837 | LR: 0.000151
2025-12-05 22:49:01,663 - [CONTINUE] - Iter 2820/3500 | Loss: 0.01701 | Train RES: 0.0600 | Val RES: 0.0834 | LR: 0.000151
2025-12-05 22:51:11,453 - [CONTINUE] - Iter 2830/3500 | Loss: 0.02196 | Train RES: 0.0761 | Val RES: 0.0868 | LR: 0.000150
2025-12-05 22:53:21,310 - [CONTINUE] - Iter 2840/3500 | Loss: 0.01679 | Train RES: 0.0541 | Val RES: 0.0832 | LR: 0.000150
2025-12-05 22:55:31,517 - [CONTINUE] - Iter 2850/3500 | Loss: 0.01806 | Train RES: 0.0620 | Val RES: 0.0849 | LR: 0.000149
2025-12-05 22:57:41,473 - [CONTINUE] - Iter 2860/3500 | Loss: 0.01802 | Train RES: 0.0654 | Val RES: 0.0849 | LR: 0.000149
2025-12-05 22:59:51,453 - [CONTINUE] - Iter 2870/3500 | Loss: 0.02417 | Train RES: 0.0969 | Val RES: 0.0817 | LR: 0.000148
2025-12-05 23:02:01,361 - [CONTINUE] - Iter 2880/3500 | Loss: 0.01811 | Train RES: 0.0649 | Val RES: 0.0855 | LR: 0.000148
2025-12-05 23:04:11,313 - [CONTINUE] - Iter 2890/3500 | Loss: 0.02028 | Train RES: 0.0632 | Val RES: 0.0843 | LR: 0.000147
2025-12-05 23:06:21,815 - [CONTINUE] - Iter 2900/3500 | Loss: 0.01895 | Train RES: 0.0618 | Val RES: 0.0803 | LR: 0.000147
2025-12-05 23:08:31,776 - [CONTINUE] - Iter 2910/3500 | Loss: 0.01902 | Train RES: 0.0634 | Val RES: 0.0822 | LR: 0.000147
2025-12-05 23:10:41,954 - [CONTINUE] - Iter 2920/3500 | Loss: 0.01960 | Train RES: 0.0644 | Val RES: 0.0806 | LR: 0.000146
2025-12-05 23:12:52,845 - [CONTINUE] - Iter 2930/3500 | Loss: 0.02031 | Train RES: 0.0715 | Val RES: 0.0856 | LR: 0.000146
2025-12-05 23:15:02,726 - [CONTINUE] - Iter 2940/3500 | Loss: 0.01934 | Train RES: 0.0552 | Val RES: 0.0865 | LR: 0.000145
2025-12-05 23:17:12,693 - [CONTINUE] - Iter 2950/3500 | Loss: 0.02116 | Train RES: 0.0618 | Val RES: 0.0847 | LR: 0.000145
2025-12-05 23:19:22,640 - [CONTINUE] - Iter 2960/3500 | Loss: 0.02740 | Train RES: 0.1069 | Val RES: 0.0849 | LR: 0.000144
2025-12-05 23:21:33,330 - [CONTINUE] - Iter 2970/3500 | Loss: 0.01873 | Train RES: 0.0620 | Val RES: 0.0833 | LR: 0.000144
2025-12-05 23:23:43,257 - [CONTINUE] - Iter 2980/3500 | Loss: 0.02234 | Train RES: 0.0758 | Val RES: 0.0793 | LR: 0.000144
2025-12-05 23:26:00,878 - [CONTINUE] - Iter 2990/3500 | Loss: 0.02046 | Train RES: 0.0697 | Val RES: 0.0789 | LR: 0.000143
2025-12-05 23:28:16,121 - [CONTINUE] - Iter 3000/3500 | Loss: 0.01745 | Train RES: 0.0634 | Val RES: 0.0809 | LR: 0.000143
2025-12-05 23:30:28,098 - [CONTINUE] - Iter 3010/3500 | Loss: 0.01869 | Train RES: 0.0640 | Val RES: 0.0832 | LR: 0.000142
2025-12-05 23:32:42,793 - [CONTINUE] - Iter 3020/3500 | Loss: 0.02023 | Train RES: 0.0690 | Val RES: 0.0788 | LR: 0.000142
2025-12-05 23:34:53,889 - [CONTINUE] - Iter 3030/3500 | Loss: 0.01676 | Train RES: 0.0618 | Val RES: 0.0814 | LR: 0.000142
2025-12-05 23:37:03,852 - [CONTINUE] - Iter 3040/3500 | Loss: 0.01990 | Train RES: 0.0724 | Val RES: 0.0814 | LR: 0.000141
2025-12-05 23:39:18,409 - [CONTINUE] - Iter 3050/3500 | Loss: 0.02829 | Train RES: 0.0944 | Val RES: 0.0864 | LR: 0.000141
2025-12-06 00:02:53,808 - [CONTINUE] - Iter 3060/3500 | Loss: 0.01603 | Train RES: 0.0554 | Val RES: 0.0818 | LR: 0.000140
2025-12-06 00:05:05,314 - [CONTINUE] - Iter 3070/3500 | Loss: 0.01692 | Train RES: 0.0619 | Val RES: 0.0869 | LR: 0.000140
2025-12-06 00:07:20,497 - [CONTINUE] - Iter 3080/3500 | Loss: 0.02064 | Train RES: 0.0612 | Val RES: 0.0830 | LR: 0.000140
2025-12-06 00:09:33,850 - [CONTINUE] - Iter 3090/3500 | Loss: 0.01863 | Train RES: 0.0717 | Val RES: 0.0761 | LR: 0.000139 [BEST SAVED]
2025-12-06 00:12:05,816 - [CONTINUE] - Iter 3100/3500 | Loss: 0.01764 | Train RES: 0.0604 | Val RES: 0.0801 | LR: 0.000139
2025-12-06 00:14:19,693 - [CONTINUE] - Iter 3110/3500 | Loss: 0.02278 | Train RES: 0.0769 | Val RES: 0.0777 | LR: 0.000138
2025-12-06 00:16:33,870 - [CONTINUE] - Iter 3120/3500 | Loss: 0.01789 | Train RES: 0.0548 | Val RES: 0.0798 | LR: 0.000138
2025-12-06 00:18:47,800 - [CONTINUE] - Iter 3130/3500 | Loss: 0.01894 | Train RES: 0.0621 | Val RES: 0.0828 | LR: 0.000138
2025-12-06 00:21:01,357 - [CONTINUE] - Iter 3140/3500 | Loss: 0.01805 | Train RES: 0.0602 | Val RES: 0.0835 | LR: 0.000137
2025-12-06 00:23:14,714 - [CONTINUE] - Iter 3150/3500 | Loss: 0.01790 | Train RES: 0.0663 | Val RES: 0.0792 | LR: 0.000137
2025-12-06 00:25:29,193 - [CONTINUE] - Iter 3160/3500 | Loss: 0.01951 | Train RES: 0.0682 | Val RES: 0.0783 | LR: 0.000137
2025-12-06 00:28:01,096 - [CONTINUE] - Iter 3170/3500 | Loss: 0.01642 | Train RES: 0.0590 | Val RES: 0.0846 | LR: 0.000136
2025-12-06 00:30:10,669 - [CONTINUE] - Iter 3180/3500 | Loss: 0.01934 | Train RES: 0.0606 | Val RES: 0.0801 | LR: 0.000136
2025-12-06 00:32:17,006 - [CONTINUE] - Iter 3190/3500 | Loss: 0.01753 | Train RES: 0.0573 | Val RES: 0.0800 | LR: 0.000135
2025-12-06 00:34:23,352 - [CONTINUE] - Iter 3200/3500 | Loss: 0.01717 | Train RES: 0.0607 | Val RES: 0.0778 | LR: 0.000135
2025-12-06 00:36:29,757 - [CONTINUE] - Iter 3210/3500 | Loss: 0.01861 | Train RES: 0.0611 | Val RES: 0.0851 | LR: 0.000135
2025-12-06 00:38:36,113 - [CONTINUE] - Iter 3220/3500 | Loss: 0.02225 | Train RES: 0.0689 | Val RES: 0.0779 | LR: 0.000134
2025-12-06 00:40:42,415 - [CONTINUE] - Iter 3230/3500 | Loss: 0.01797 | Train RES: 0.0590 | Val RES: 0.0786 | LR: 0.000134
2025-12-06 00:42:48,787 - [CONTINUE] - Iter 3240/3500 | Loss: 0.01886 | Train RES: 0.0658 | Val RES: 0.0831 | LR: 0.000134
2025-12-06 00:44:55,146 - [CONTINUE] - Iter 3250/3500 | Loss: 0.01590 | Train RES: 0.0571 | Val RES: 0.0739 | LR: 0.000133 [BEST SAVED]
2025-12-06 00:47:01,359 - [CONTINUE] - Iter 3260/3500 | Loss: 0.01793 | Train RES: 0.0697 | Val RES: 0.0765 | LR: 0.000133
2025-12-06 00:49:07,686 - [CONTINUE] - Iter 3270/3500 | Loss: 0.02028 | Train RES: 0.0638 | Val RES: 0.0801 | LR: 0.000133
2025-12-06 00:51:14,017 - [CONTINUE] - Iter 3280/3500 | Loss: 0.01722 | Train RES: 0.0550 | Val RES: 0.0751 | LR: 0.000132
2025-12-06 00:53:20,375 - [CONTINUE] - Iter 3290/3500 | Loss: 0.02020 | Train RES: 0.0690 | Val RES: 0.0802 | LR: 0.000132
2025-12-06 00:55:26,736 - [CONTINUE] - Iter 3300/3500 | Loss: 0.02017 | Train RES: 0.0785 | Val RES: 0.0783 | LR: 0.000132
2025-12-06 00:57:33,092 - [CONTINUE] - Iter 3310/3500 | Loss: 0.01982 | Train RES: 0.0609 | Val RES: 0.0816 | LR: 0.000131
2025-12-06 00:59:39,420 - [CONTINUE] - Iter 3320/3500 | Loss: 0.01725 | Train RES: 0.0540 | Val RES: 0.0794 | LR: 0.000131
2025-12-06 01:01:45,822 - [CONTINUE] - Iter 3330/3500 | Loss: 0.01976 | Train RES: 0.0726 | Val RES: 0.0807 | LR: 0.000130
2025-12-06 01:03:52,170 - [CONTINUE] - Iter 3340/3500 | Loss: 0.01670 | Train RES: 0.0572 | Val RES: 0.0878 | LR: 0.000130
2025-12-06 01:05:58,303 - [CONTINUE] - Iter 3350/3500 | Loss: 0.01784 | Train RES: 0.0626 | Val RES: 0.0792 | LR: 0.000130
2025-12-06 01:08:04,681 - [CONTINUE] - Iter 3360/3500 | Loss: 0.02124 | Train RES: 0.0731 | Val RES: 0.0906 | LR: 0.000129
2025-12-06 01:10:10,971 - [CONTINUE] - Iter 3370/3500 | Loss: 0.01604 | Train RES: 0.0552 | Val RES: 0.0781 | LR: 0.000129
2025-12-06 01:12:18,272 - [CONTINUE] - Iter 3380/3500 | Loss: 0.02306 | Train RES: 0.0958 | Val RES: 0.0795 | LR: 0.000129
2025-12-06 01:14:24,552 - [CONTINUE] - Iter 3390/3500 | Loss: 0.01944 | Train RES: 0.0696 | Val RES: 0.0767 | LR: 0.000128
2025-12-06 01:16:30,948 - [CONTINUE] - Iter 3400/3500 | Loss: 0.01751 | Train RES: 0.0577 | Val RES: 0.0754 | LR: 0.000128
2025-12-06 01:18:37,282 - [CONTINUE] - Iter 3410/3500 | Loss: 0.01880 | Train RES: 0.0585 | Val RES: 0.0812 | LR: 0.000128
2025-12-06 01:20:43,659 - [CONTINUE] - Iter 3420/3500 | Loss: 0.01510 | Train RES: 0.0519 | Val RES: 0.0802 | LR: 0.000127
2025-12-06 01:22:49,940 - [CONTINUE] - Iter 3430/3500 | Loss: 0.02870 | Train RES: 0.1075 | Val RES: 0.0773 | LR: 0.000127
2025-12-06 01:24:55,719 - [CONTINUE] - Iter 3440/3500 | Loss: 0.01518 | Train RES: 0.0543 | Val RES: 0.0753 | LR: 0.000127
2025-12-06 01:27:01,468 - [CONTINUE] - Iter 3450/3500 | Loss: 0.01819 | Train RES: 0.0605 | Val RES: 0.0821 | LR: 0.000127
2025-12-06 01:29:07,139 - [CONTINUE] - Iter 3460/3500 | Loss: 0.02052 | Train RES: 0.0633 | Val RES: 0.0783 | LR: 0.000126
2025-12-06 01:31:12,956 - [CONTINUE] - Iter 3470/3500 | Loss: 0.01750 | Train RES: 0.0697 | Val RES: 0.0762 | LR: 0.000126
2025-12-06 01:33:18,560 - [CONTINUE] - Iter 3480/3500 | Loss: 0.02483 | Train RES: 0.1045 | Val RES: 0.0808 | LR: 0.000126
2025-12-06 01:35:24,254 - [CONTINUE] - Iter 3490/3500 | Loss: 0.01683 | Train RES: 0.0601 | Val RES: 0.0775 | LR: 0.000125
2025-12-06 01:37:30,047 - [CONTINUE] - Iter 3500/3500 | Loss: 0.01794 | Train RES: 0.0608 | Val RES: 0.0754 | LR: 0.000125
2025-12-06 01:37:30,199 - [CONTINUE] - Continuation training finished.
2025-12-10 13:05:30,153 - [CONTINUE] - Loading checkpoint from: D:\ai_code\CT_cnn_256_0.07\models\theoretical_ct_best_model.pth
2025-12-10 13:05:30,180 - [CONTINUE] - Model weights loaded successfully.
2025-12-10 13:05:30,180 - [CONTINUE] - Optimizer state restored.
2025-12-10 13:05:30,181 - [CONTINUE] - Resuming training from iter 790
2025-12-10 13:05:30,181 - [CONTINUE] - Target iteration: 3290
2025-12-10 13:05:30,181 - [CONTINUE] - Gradient Accumulation Steps: 3 (Effective Batch Size: 15)
2025-12-10 13:05:30,181 - [CONTINUE] - Validation Interval: Every 10 accumulated steps
2025-12-10 13:05:30,181 - [CONTINUE] - Starting CONTINUATION training with Gradient Accumulation...
2025-12-10 13:06:25,505 - [CONTINUE] - Iter 800/3290 | Loss: 0.01300 | Train RES: 0.0426 | Val RES: 0.0536 | LR: 0.000384
2025-12-10 13:06:46,157 - [CONTINUE] - Iter 810/3290 | Loss: 0.01328 | Train RES: 0.0415 | Val RES: 0.0618 | LR: 0.000381
2025-12-10 13:07:06,605 - [CONTINUE] - Iter 820/3290 | Loss: 0.02806 | Train RES: 0.1202 | Val RES: 0.0529 | LR: 0.000379
2025-12-10 13:07:27,036 - [CONTINUE] - Iter 830/3290 | Loss: 0.01602 | Train RES: 0.0514 | Val RES: 0.0521 | LR: 0.000376
2025-12-10 13:07:47,523 - [CONTINUE] - Iter 840/3290 | Loss: 0.01427 | Train RES: 0.0395 | Val RES: 0.0504 | LR: 0.000373
2025-12-10 13:08:08,048 - [CONTINUE] - Iter 850/3290 | Loss: 0.01634 | Train RES: 0.0519 | Val RES: 0.0590 | LR: 0.000370
2025-12-10 13:08:28,524 - [CONTINUE] - Iter 860/3290 | Loss: 0.01508 | Train RES: 0.0381 | Val RES: 0.0627 | LR: 0.000367
2025-12-10 13:08:52,750 - [CONTINUE] - Iter 870/3290 | Loss: 0.01746 | Train RES: 0.0594 | Val RES: 0.0512 | LR: 0.000365
2025-12-10 13:09:13,607 - [CONTINUE] - Iter 880/3290 | Loss: 0.01274 | Train RES: 0.0373 | Val RES: 0.0650 | LR: 0.000362
2025-12-10 13:09:34,686 - [CONTINUE] - Iter 890/3290 | Loss: 0.01342 | Train RES: 0.0434 | Val RES: 0.0543 | LR: 0.000359
2025-12-10 13:09:55,200 - [CONTINUE] - Iter 900/3290 | Loss: 0.01383 | Train RES: 0.0402 | Val RES: 0.0509 | LR: 0.000357
2025-12-10 13:10:15,603 - [CONTINUE] - Iter 910/3290 | Loss: 0.01225 | Train RES: 0.0441 | Val RES: 0.0517 | LR: 0.000354
2025-12-10 13:10:38,632 - [CONTINUE] - Iter 920/3290 | Loss: 0.01236 | Train RES: 0.0415 | Val RES: 0.0539 | LR: 0.000352
2025-12-10 13:11:00,142 - [CONTINUE] - Iter 930/3290 | Loss: 0.01224 | Train RES: 0.0341 | Val RES: 0.0623 | LR: 0.000349
2025-12-10 13:11:21,757 - [CONTINUE] - Iter 940/3290 | Loss: 0.01234 | Train RES: 0.0345 | Val RES: 0.0553 | LR: 0.000347
2025-12-10 13:11:50,261 - [CONTINUE] - Iter 950/3290 | Loss: 0.01805 | Train RES: 0.0611 | Val RES: 0.0532 | LR: 0.000345
2025-12-10 13:12:15,160 - [CONTINUE] - Iter 960/3290 | Loss: 0.01088 | Train RES: 0.0345 | Val RES: 0.0534 | LR: 0.000342
2025-12-10 13:12:35,557 - [CONTINUE] - Iter 970/3290 | Loss: 0.01593 | Train RES: 0.0597 | Val RES: 0.0652 | LR: 0.000340
2025-12-10 13:12:55,903 - [CONTINUE] - Iter 980/3290 | Loss: 0.01186 | Train RES: 0.0399 | Val RES: 0.0472 | LR: 0.000338 [BEST SAVED]
2025-12-10 13:13:17,067 - [CONTINUE] - Iter 990/3290 | Loss: 0.02044 | Train RES: 0.0653 | Val RES: 0.0599 | LR: 0.000335
2025-12-10 13:13:42,600 - [CONTINUE] - Iter 1000/3290 | Loss: 0.01472 | Train RES: 0.0381 | Val RES: 0.0535 | LR: 0.000333
2025-12-10 13:14:12,243 - [CONTINUE] - Iter 1010/3290 | Loss: 0.01629 | Train RES: 0.0509 | Val RES: 0.0620 | LR: 0.000331
2025-12-10 13:14:35,860 - [CONTINUE] - Iter 1020/3290 | Loss: 0.01246 | Train RES: 0.0364 | Val RES: 0.0676 | LR: 0.000329
2025-12-10 13:14:55,834 - [CONTINUE] - Iter 1030/3290 | Loss: 0.01345 | Train RES: 0.0433 | Val RES: 0.0508 | LR: 0.000327
2025-12-10 13:15:15,852 - [CONTINUE] - Iter 1040/3290 | Loss: 0.01187 | Train RES: 0.0308 | Val RES: 0.0501 | LR: 0.000324
2025-12-10 13:15:35,836 - [CONTINUE] - Iter 1050/3290 | Loss: 0.01015 | Train RES: 0.0327 | Val RES: 0.0643 | LR: 0.000322
2025-12-10 13:15:55,905 - [CONTINUE] - Iter 1060/3290 | Loss: 0.01287 | Train RES: 0.0387 | Val RES: 0.0622 | LR: 0.000320
2025-12-10 13:16:15,890 - [CONTINUE] - Iter 1070/3290 | Loss: 0.01135 | Train RES: 0.0339 | Val RES: 0.0588 | LR: 0.000318
2025-12-10 13:16:35,702 - [CONTINUE] - Iter 1080/3290 | Loss: 0.01087 | Train RES: 0.0309 | Val RES: 0.0566 | LR: 0.000316
2025-12-10 13:16:55,521 - [CONTINUE] - Iter 1090/3290 | Loss: 0.01234 | Train RES: 0.0341 | Val RES: 0.0623 | LR: 0.000314
2025-12-10 13:17:15,469 - [CONTINUE] - Iter 1100/3290 | Loss: 0.01181 | Train RES: 0.0349 | Val RES: 0.0551 | LR: 0.000312
2025-12-10 13:17:35,382 - [CONTINUE] - Iter 1110/3290 | Loss: 0.01227 | Train RES: 0.0389 | Val RES: 0.0583 | LR: 0.000310
2025-12-10 13:17:55,376 - [CONTINUE] - Iter 1120/3290 | Loss: 0.01294 | Train RES: 0.0412 | Val RES: 0.0605 | LR: 0.000308
2025-12-10 13:18:15,466 - [CONTINUE] - Iter 1130/3290 | Loss: 0.01022 | Train RES: 0.0312 | Val RES: 0.0548 | LR: 0.000307
2025-12-10 13:18:35,436 - [CONTINUE] - Iter 1140/3290 | Loss: 0.01189 | Train RES: 0.0329 | Val RES: 0.0630 | LR: 0.000305
2025-12-10 13:18:55,380 - [CONTINUE] - Iter 1150/3290 | Loss: 0.01527 | Train RES: 0.0450 | Val RES: 0.0676 | LR: 0.000303
2025-12-10 13:19:15,207 - [CONTINUE] - Iter 1160/3290 | Loss: 0.01106 | Train RES: 0.0330 | Val RES: 0.0673 | LR: 0.000301
2025-12-10 13:19:35,155 - [CONTINUE] - Iter 1170/3290 | Loss: 0.01087 | Train RES: 0.0330 | Val RES: 0.0551 | LR: 0.000299
2025-12-10 13:19:55,147 - [CONTINUE] - Iter 1180/3290 | Loss: 0.01197 | Train RES: 0.0412 | Val RES: 0.0618 | LR: 0.000297
2025-12-10 13:20:15,151 - [CONTINUE] - Iter 1190/3290 | Loss: 0.01055 | Train RES: 0.0332 | Val RES: 0.0576 | LR: 0.000296
2025-12-10 13:20:35,091 - [CONTINUE] - Iter 1200/3290 | Loss: 0.01390 | Train RES: 0.0371 | Val RES: 0.0539 | LR: 0.000294
2025-12-10 13:20:55,009 - [CONTINUE] - Iter 1210/3290 | Loss: 0.01854 | Train RES: 0.0623 | Val RES: 0.0636 | LR: 0.000292
2025-12-10 13:21:14,989 - [CONTINUE] - Iter 1220/3290 | Loss: 0.01201 | Train RES: 0.0357 | Val RES: 0.0614 | LR: 0.000291
2025-12-10 13:21:34,922 - [CONTINUE] - Iter 1230/3290 | Loss: 0.01014 | Train RES: 0.0312 | Val RES: 0.0556 | LR: 0.000289
2025-12-10 13:21:54,828 - [CONTINUE] - Iter 1240/3290 | Loss: 0.01393 | Train RES: 0.0439 | Val RES: 0.0558 | LR: 0.000287
2025-12-10 13:22:14,713 - [CONTINUE] - Iter 1250/3290 | Loss: 0.01197 | Train RES: 0.0332 | Val RES: 0.0525 | LR: 0.000286
2025-12-10 13:22:34,718 - [CONTINUE] - Iter 1260/3290 | Loss: 0.01432 | Train RES: 0.0438 | Val RES: 0.0551 | LR: 0.000284
2025-12-10 13:22:54,624 - [CONTINUE] - Iter 1270/3290 | Loss: 0.01527 | Train RES: 0.0476 | Val RES: 0.0545 | LR: 0.000282
2025-12-10 13:23:14,494 - [CONTINUE] - Iter 1280/3290 | Loss: 0.01114 | Train RES: 0.0308 | Val RES: 0.0508 | LR: 0.000281
2025-12-10 13:23:34,458 - [CONTINUE] - Iter 1290/3290 | Loss: 0.01025 | Train RES: 0.0321 | Val RES: 0.0601 | LR: 0.000279
2025-12-10 13:23:54,370 - [CONTINUE] - Iter 1300/3290 | Loss: 0.01380 | Train RES: 0.0361 | Val RES: 0.0516 | LR: 0.000278
2025-12-10 13:24:14,337 - [CONTINUE] - Iter 1310/3290 | Loss: 0.01146 | Train RES: 0.0377 | Val RES: 0.0674 | LR: 0.000276
2025-12-10 13:24:34,326 - [CONTINUE] - Iter 1320/3290 | Loss: 0.01056 | Train RES: 0.0352 | Val RES: 0.0521 | LR: 0.000275
2025-12-10 13:24:54,164 - [CONTINUE] - Iter 1330/3290 | Loss: 0.01141 | Train RES: 0.0376 | Val RES: 0.0721 | LR: 0.000273
2025-12-10 13:25:14,108 - [CONTINUE] - Iter 1340/3290 | Loss: 0.01680 | Train RES: 0.0691 | Val RES: 0.0624 | LR: 0.000272
2025-12-10 13:25:33,945 - [CONTINUE] - Iter 1350/3290 | Loss: 0.01331 | Train RES: 0.0457 | Val RES: 0.0688 | LR: 0.000270
2025-12-10 13:25:54,017 - [CONTINUE] - Iter 1360/3290 | Loss: 0.00998 | Train RES: 0.0249 | Val RES: 0.0495 | LR: 0.000269
2025-12-10 13:26:14,008 - [CONTINUE] - Iter 1370/3290 | Loss: 0.01202 | Train RES: 0.0331 | Val RES: 0.0632 | LR: 0.000267
2025-12-10 13:26:33,873 - [CONTINUE] - Iter 1380/3290 | Loss: 0.01070 | Train RES: 0.0300 | Val RES: 0.0639 | LR: 0.000266
2025-12-10 13:26:53,709 - [CONTINUE] - Iter 1390/3290 | Loss: 0.00939 | Train RES: 0.0278 | Val RES: 0.0566 | LR: 0.000264
2025-12-10 13:27:13,601 - [CONTINUE] - Iter 1400/3290 | Loss: 0.01065 | Train RES: 0.0325 | Val RES: 0.0793 | LR: 0.000263
2025-12-10 13:27:33,564 - [CONTINUE] - Iter 1410/3290 | Loss: 0.01107 | Train RES: 0.0305 | Val RES: 0.0499 | LR: 0.000262
2025-12-10 13:27:53,529 - [CONTINUE] - Iter 1420/3290 | Loss: 0.01299 | Train RES: 0.0385 | Val RES: 0.0548 | LR: 0.000260
2025-12-10 13:28:13,533 - [CONTINUE] - Iter 1430/3290 | Loss: 0.01080 | Train RES: 0.0253 | Val RES: 0.0493 | LR: 0.000259
2025-12-10 13:28:33,499 - [CONTINUE] - Iter 1440/3290 | Loss: 0.00990 | Train RES: 0.0380 | Val RES: 0.0521 | LR: 0.000258
2025-12-10 13:28:53,375 - [CONTINUE] - Iter 1450/3290 | Loss: 0.01005 | Train RES: 0.0310 | Val RES: 0.0621 | LR: 0.000256
2025-12-10 13:29:13,315 - [CONTINUE] - Iter 1460/3290 | Loss: 0.01324 | Train RES: 0.0374 | Val RES: 0.0545 | LR: 0.000255
2025-12-10 13:29:33,215 - [CONTINUE] - Iter 1470/3290 | Loss: 0.00922 | Train RES: 0.0248 | Val RES: 0.0602 | LR: 0.000254
2025-12-10 13:29:53,214 - [CONTINUE] - Iter 1480/3290 | Loss: 0.00957 | Train RES: 0.0346 | Val RES: 0.0576 | LR: 0.000252
2025-12-10 13:30:13,203 - [CONTINUE] - Iter 1490/3290 | Loss: 0.01033 | Train RES: 0.0280 | Val RES: 0.0550 | LR: 0.000251
2025-12-10 13:30:33,228 - [CONTINUE] - Iter 1500/3290 | Loss: 0.01026 | Train RES: 0.0279 | Val RES: 0.0620 | LR: 0.000250
2025-12-10 13:30:53,152 - [CONTINUE] - Iter 1510/3290 | Loss: 0.01063 | Train RES: 0.0265 | Val RES: 0.0554 | LR: 0.000249
2025-12-10 13:31:13,044 - [CONTINUE] - Iter 1520/3290 | Loss: 0.01245 | Train RES: 0.0391 | Val RES: 0.0611 | LR: 0.000247
2025-12-10 13:31:32,923 - [CONTINUE] - Iter 1530/3290 | Loss: 0.01094 | Train RES: 0.0341 | Val RES: 0.0579 | LR: 0.000246
2025-12-10 13:31:52,959 - [CONTINUE] - Iter 1540/3290 | Loss: 0.01011 | Train RES: 0.0297 | Val RES: 0.0533 | LR: 0.000245
2025-12-10 13:32:12,979 - [CONTINUE] - Iter 1550/3290 | Loss: 0.01132 | Train RES: 0.0373 | Val RES: 0.0494 | LR: 0.000244
2025-12-10 13:32:32,879 - [CONTINUE] - Iter 1560/3290 | Loss: 0.01077 | Train RES: 0.0330 | Val RES: 0.0617 | LR: 0.000243
2025-12-10 13:32:52,793 - [CONTINUE] - Iter 1570/3290 | Loss: 0.01099 | Train RES: 0.0356 | Val RES: 0.0562 | LR: 0.000241
2025-12-10 13:33:12,631 - [CONTINUE] - Iter 1580/3290 | Loss: 0.01392 | Train RES: 0.0379 | Val RES: 0.0621 | LR: 0.000240
2025-12-10 13:33:32,649 - [CONTINUE] - Iter 1590/3290 | Loss: 0.01249 | Train RES: 0.0344 | Val RES: 0.0664 | LR: 0.000239
2025-12-10 13:33:52,681 - [CONTINUE] - Iter 1600/3290 | Loss: 0.01069 | Train RES: 0.0287 | Val RES: 0.0674 | LR: 0.000238
2025-12-10 13:34:12,601 - [CONTINUE] - Iter 1610/3290 | Loss: 0.01321 | Train RES: 0.0456 | Val RES: 0.0544 | LR: 0.000237
2025-12-10 13:34:32,616 - [CONTINUE] - Iter 1620/3290 | Loss: 0.01135 | Train RES: 0.0350 | Val RES: 0.0626 | LR: 0.000236
2025-12-10 13:34:52,507 - [CONTINUE] - Iter 1630/3290 | Loss: 0.01138 | Train RES: 0.0330 | Val RES: 0.0590 | LR: 0.000235
2025-12-10 13:35:12,348 - [CONTINUE] - Iter 1640/3290 | Loss: 0.01157 | Train RES: 0.0375 | Val RES: 0.0552 | LR: 0.000234
2025-12-10 13:35:32,230 - [CONTINUE] - Iter 1650/3290 | Loss: 0.01123 | Train RES: 0.0369 | Val RES: 0.0616 | LR: 0.000232
2025-12-10 13:35:52,104 - [CONTINUE] - Iter 1660/3290 | Loss: 0.01336 | Train RES: 0.0368 | Val RES: 0.0586 | LR: 0.000231
2025-12-10 13:36:12,064 - [CONTINUE] - Iter 1670/3290 | Loss: 0.01240 | Train RES: 0.0340 | Val RES: 0.0570 | LR: 0.000230
2025-12-10 13:36:32,072 - [CONTINUE] - Iter 1680/3290 | Loss: 0.01199 | Train RES: 0.0349 | Val RES: 0.0617 | LR: 0.000229
2025-12-10 13:36:51,916 - [CONTINUE] - Iter 1690/3290 | Loss: 0.01073 | Train RES: 0.0312 | Val RES: 0.0597 | LR: 0.000228
2025-12-10 13:37:11,780 - [CONTINUE] - Iter 1700/3290 | Loss: 0.01398 | Train RES: 0.0399 | Val RES: 0.0602 | LR: 0.000227
2025-12-10 13:37:31,697 - [CONTINUE] - Iter 1710/3290 | Loss: 0.01005 | Train RES: 0.0304 | Val RES: 0.0542 | LR: 0.000226
2025-12-10 13:37:51,713 - [CONTINUE] - Iter 1720/3290 | Loss: 0.01022 | Train RES: 0.0286 | Val RES: 0.0601 | LR: 0.000225
2025-12-10 13:38:11,650 - [CONTINUE] - Iter 1730/3290 | Loss: 0.01223 | Train RES: 0.0387 | Val RES: 0.0583 | LR: 0.000224
2025-12-10 13:38:31,493 - [CONTINUE] - Iter 1740/3290 | Loss: 0.00798 | Train RES: 0.0238 | Val RES: 0.0599 | LR: 0.000223
2025-12-10 13:38:51,306 - [CONTINUE] - Iter 1750/3290 | Loss: 0.01049 | Train RES: 0.0318 | Val RES: 0.0538 | LR: 0.000222
2025-12-10 13:39:11,219 - [CONTINUE] - Iter 1760/3290 | Loss: 0.01293 | Train RES: 0.0364 | Val RES: 0.0529 | LR: 0.000221
2025-12-10 13:39:31,075 - [CONTINUE] - Iter 1770/3290 | Loss: 0.01081 | Train RES: 0.0294 | Val RES: 0.0582 | LR: 0.000220
2025-12-10 13:39:50,995 - [CONTINUE] - Iter 1780/3290 | Loss: 0.01427 | Train RES: 0.0473 | Val RES: 0.0650 | LR: 0.000219
2025-12-10 13:40:10,854 - [CONTINUE] - Iter 1790/3290 | Loss: 0.00890 | Train RES: 0.0265 | Val RES: 0.0567 | LR: 0.000218
2025-12-10 13:40:30,790 - [CONTINUE] - Iter 1800/3290 | Loss: 0.01174 | Train RES: 0.0406 | Val RES: 0.0554 | LR: 0.000217
2025-12-10 13:40:50,647 - [CONTINUE] - Iter 1810/3290 | Loss: 0.01289 | Train RES: 0.0381 | Val RES: 0.0544 | LR: 0.000216
2025-12-10 13:41:10,571 - [CONTINUE] - Iter 1820/3290 | Loss: 0.01086 | Train RES: 0.0299 | Val RES: 0.0573 | LR: 0.000215
2025-12-10 13:41:30,429 - [CONTINUE] - Iter 1830/3290 | Loss: 0.01572 | Train RES: 0.0435 | Val RES: 0.0673 | LR: 0.000215
2025-12-10 13:41:50,442 - [CONTINUE] - Iter 1840/3290 | Loss: 0.01111 | Train RES: 0.0367 | Val RES: 0.0560 | LR: 0.000214
2025-12-10 13:42:10,426 - [CONTINUE] - Iter 1850/3290 | Loss: 0.01162 | Train RES: 0.0302 | Val RES: 0.0559 | LR: 0.000213
2025-12-10 13:42:30,469 - [CONTINUE] - Iter 1860/3290 | Loss: 0.00972 | Train RES: 0.0281 | Val RES: 0.0564 | LR: 0.000212
2025-12-10 13:42:50,415 - [CONTINUE] - Iter 1870/3290 | Loss: 0.01365 | Train RES: 0.0440 | Val RES: 0.0571 | LR: 0.000211
2025-12-10 13:43:10,316 - [CONTINUE] - Iter 1880/3290 | Loss: 0.00971 | Train RES: 0.0299 | Val RES: 0.0530 | LR: 0.000210
2025-12-10 13:43:30,137 - [CONTINUE] - Iter 1890/3290 | Loss: 0.00947 | Train RES: 0.0301 | Val RES: 0.0597 | LR: 0.000209
2025-12-10 13:43:50,177 - [CONTINUE] - Iter 1900/3290 | Loss: 0.00895 | Train RES: 0.0225 | Val RES: 0.0532 | LR: 0.000208
2025-12-10 13:44:10,115 - [CONTINUE] - Iter 1910/3290 | Loss: 0.00843 | Train RES: 0.0278 | Val RES: 0.0699 | LR: 0.000207
2025-12-10 13:44:29,956 - [CONTINUE] - Iter 1920/3290 | Loss: 0.01120 | Train RES: 0.0348 | Val RES: 0.0536 | LR: 0.000207
2025-12-10 13:44:49,896 - [CONTINUE] - Iter 1930/3290 | Loss: 0.01130 | Train RES: 0.0326 | Val RES: 0.0594 | LR: 0.000206
2025-12-10 13:45:09,722 - [CONTINUE] - Iter 1940/3290 | Loss: 0.00947 | Train RES: 0.0301 | Val RES: 0.0645 | LR: 0.000205
2025-12-10 13:45:29,694 - [CONTINUE] - Iter 1950/3290 | Loss: 0.01000 | Train RES: 0.0269 | Val RES: 0.0550 | LR: 0.000204
2025-12-10 13:45:49,663 - [CONTINUE] - Iter 1960/3290 | Loss: 0.01044 | Train RES: 0.0281 | Val RES: 0.0511 | LR: 0.000203
2025-12-10 13:46:09,620 - [CONTINUE] - Iter 1970/3290 | Loss: 0.01031 | Train RES: 0.0297 | Val RES: 0.0518 | LR: 0.000202
2025-12-10 13:46:29,532 - [CONTINUE] - Iter 1980/3290 | Loss: 0.00985 | Train RES: 0.0277 | Val RES: 0.0561 | LR: 0.000202
2025-12-10 13:46:49,562 - [CONTINUE] - Iter 1990/3290 | Loss: 0.01250 | Train RES: 0.0349 | Val RES: 0.0549 | LR: 0.000201
2025-12-10 13:47:09,573 - [CONTINUE] - Iter 2000/3290 | Loss: 0.01247 | Train RES: 0.0399 | Val RES: 0.0493 | LR: 0.000200
2025-12-10 13:47:29,548 - [CONTINUE] - Iter 2010/3290 | Loss: 0.00876 | Train RES: 0.0273 | Val RES: 0.0567 | LR: 0.000199
2025-12-10 13:47:49,450 - [CONTINUE] - Iter 2020/3290 | Loss: 0.01033 | Train RES: 0.0356 | Val RES: 0.0627 | LR: 0.000198
2025-12-10 13:48:09,538 - [CONTINUE] - Iter 2030/3290 | Loss: 0.00843 | Train RES: 0.0255 | Val RES: 0.0560 | LR: 0.000198
2025-12-10 13:48:29,496 - [CONTINUE] - Iter 2040/3290 | Loss: 0.01284 | Train RES: 0.0425 | Val RES: 0.0644 | LR: 0.000197
2025-12-10 13:48:49,410 - [CONTINUE] - Iter 2050/3290 | Loss: 0.00975 | Train RES: 0.0233 | Val RES: 0.0594 | LR: 0.000196
2025-12-10 13:49:09,333 - [CONTINUE] - Iter 2060/3290 | Loss: 0.00851 | Train RES: 0.0276 | Val RES: 0.0583 | LR: 0.000195
2025-12-10 13:49:29,309 - [CONTINUE] - Iter 2070/3290 | Loss: 0.00937 | Train RES: 0.0218 | Val RES: 0.0652 | LR: 0.000194
2025-12-10 13:49:49,316 - [CONTINUE] - Iter 2080/3290 | Loss: 0.01480 | Train RES: 0.0441 | Val RES: 0.0498 | LR: 0.000194
2025-12-10 13:50:09,268 - [CONTINUE] - Iter 2090/3290 | Loss: 0.01260 | Train RES: 0.0364 | Val RES: 0.0528 | LR: 0.000193
2025-12-10 13:50:29,235 - [CONTINUE] - Iter 2100/3290 | Loss: 0.01167 | Train RES: 0.0496 | Val RES: 0.0507 | LR: 0.000192
2025-12-10 13:50:49,118 - [CONTINUE] - Iter 2110/3290 | Loss: 0.01165 | Train RES: 0.0461 | Val RES: 0.0575 | LR: 0.000191
2025-12-10 13:51:09,086 - [CONTINUE] - Iter 2120/3290 | Loss: 0.00931 | Train RES: 0.0252 | Val RES: 0.0481 | LR: 0.000191
2025-12-10 13:51:29,559 - [CONTINUE] - Iter 2130/3290 | Loss: 0.01130 | Train RES: 0.0309 | Val RES: 0.0533 | LR: 0.000190
2025-12-10 13:51:49,536 - [CONTINUE] - Iter 2140/3290 | Loss: 0.01029 | Train RES: 0.0394 | Val RES: 0.0565 | LR: 0.000189
2025-12-10 13:52:09,389 - [CONTINUE] - Iter 2150/3290 | Loss: 0.01072 | Train RES: 0.0325 | Val RES: 0.0490 | LR: 0.000189
2025-12-10 13:52:29,326 - [CONTINUE] - Iter 2160/3290 | Loss: 0.01115 | Train RES: 0.0296 | Val RES: 0.0639 | LR: 0.000188
2025-12-10 13:52:49,185 - [CONTINUE] - Iter 2170/3290 | Loss: 0.01109 | Train RES: 0.0356 | Val RES: 0.0547 | LR: 0.000187
2025-12-10 13:53:09,110 - [CONTINUE] - Iter 2180/3290 | Loss: 0.01035 | Train RES: 0.0293 | Val RES: 0.0571 | LR: 0.000186
2025-12-10 13:53:29,109 - [CONTINUE] - Iter 2190/3290 | Loss: 0.00961 | Train RES: 0.0306 | Val RES: 0.0562 | LR: 0.000186
2025-12-10 13:53:49,093 - [CONTINUE] - Iter 2200/3290 | Loss: 0.01010 | Train RES: 0.0318 | Val RES: 0.0565 | LR: 0.000185
2025-12-10 13:54:09,155 - [CONTINUE] - Iter 2210/3290 | Loss: 0.00906 | Train RES: 0.0239 | Val RES: 0.0543 | LR: 0.000184
2025-12-10 13:54:29,140 - [CONTINUE] - Iter 2220/3290 | Loss: 0.01046 | Train RES: 0.0374 | Val RES: 0.0553 | LR: 0.000184
2025-12-10 13:54:49,194 - [CONTINUE] - Iter 2230/3290 | Loss: 0.00925 | Train RES: 0.0251 | Val RES: 0.0544 | LR: 0.000183
2025-12-10 13:55:09,090 - [CONTINUE] - Iter 2240/3290 | Loss: 0.00920 | Train RES: 0.0240 | Val RES: 0.0452 | LR: 0.000182
2025-12-10 13:55:29,028 - [CONTINUE] - Iter 2250/3290 | Loss: 0.00990 | Train RES: 0.0308 | Val RES: 0.0515 | LR: 0.000182
2025-12-10 13:55:49,032 - [CONTINUE] - Iter 2260/3290 | Loss: 0.00785 | Train RES: 0.0219 | Val RES: 0.0514 | LR: 0.000181
2025-12-10 13:56:09,055 - [CONTINUE] - Iter 2270/3290 | Loss: 0.01169 | Train RES: 0.0402 | Val RES: 0.0571 | LR: 0.000180
2025-12-10 13:56:29,027 - [CONTINUE] - Iter 2280/3290 | Loss: 0.00894 | Train RES: 0.0263 | Val RES: 0.0535 | LR: 0.000180
2025-12-10 13:56:48,935 - [CONTINUE] - Iter 2290/3290 | Loss: 0.00895 | Train RES: 0.0270 | Val RES: 0.0559 | LR: 0.000179
2025-12-10 13:57:08,911 - [CONTINUE] - Iter 2300/3290 | Loss: 0.00964 | Train RES: 0.0236 | Val RES: 0.0540 | LR: 0.000179
2025-12-10 13:57:28,897 - [CONTINUE] - Iter 2310/3290 | Loss: 0.00810 | Train RES: 0.0210 | Val RES: 0.0560 | LR: 0.000178
2025-12-10 13:57:48,809 - [CONTINUE] - Iter 2320/3290 | Loss: 0.01047 | Train RES: 0.0279 | Val RES: 0.0580 | LR: 0.000177
2025-12-10 13:58:08,902 - [CONTINUE] - Iter 2330/3290 | Loss: 0.00997 | Train RES: 0.0321 | Val RES: 0.0596 | LR: 0.000177
2025-12-10 13:58:28,879 - [CONTINUE] - Iter 2340/3290 | Loss: 0.00910 | Train RES: 0.0336 | Val RES: 0.0478 | LR: 0.000176
2025-12-10 13:58:48,797 - [CONTINUE] - Iter 2350/3290 | Loss: 0.01067 | Train RES: 0.0289 | Val RES: 0.0599 | LR: 0.000175
2025-12-10 13:59:08,797 - [CONTINUE] - Iter 2360/3290 | Loss: 0.01118 | Train RES: 0.0305 | Val RES: 0.0570 | LR: 0.000175
2025-12-10 13:59:28,779 - [CONTINUE] - Iter 2370/3290 | Loss: 0.00923 | Train RES: 0.0242 | Val RES: 0.0516 | LR: 0.000174
2025-12-10 13:59:48,643 - [CONTINUE] - Iter 2380/3290 | Loss: 0.01036 | Train RES: 0.0330 | Val RES: 0.0562 | LR: 0.000174
2025-12-10 14:00:08,376 - [CONTINUE] - Iter 2390/3290 | Loss: 0.01087 | Train RES: 0.0273 | Val RES: 0.0505 | LR: 0.000173
2025-12-10 14:00:28,090 - [CONTINUE] - Iter 2400/3290 | Loss: 0.01124 | Train RES: 0.0464 | Val RES: 0.0593 | LR: 0.000172
2025-12-10 14:00:47,862 - [CONTINUE] - Iter 2410/3290 | Loss: 0.01089 | Train RES: 0.0315 | Val RES: 0.0488 | LR: 0.000172
2025-12-10 14:01:07,680 - [CONTINUE] - Iter 2420/3290 | Loss: 0.00869 | Train RES: 0.0230 | Val RES: 0.0587 | LR: 0.000171
2025-12-10 14:01:27,521 - [CONTINUE] - Iter 2430/3290 | Loss: 0.00950 | Train RES: 0.0264 | Val RES: 0.0510 | LR: 0.000171
2025-12-10 14:01:47,468 - [CONTINUE] - Iter 2440/3290 | Loss: 0.01606 | Train RES: 0.0466 | Val RES: 0.0552 | LR: 0.000170
2025-12-10 14:02:07,313 - [CONTINUE] - Iter 2450/3290 | Loss: 0.00897 | Train RES: 0.0271 | Val RES: 0.0546 | LR: 0.000169
2025-12-10 14:02:27,091 - [CONTINUE] - Iter 2460/3290 | Loss: 0.00905 | Train RES: 0.0265 | Val RES: 0.0566 | LR: 0.000169
2025-12-10 14:02:46,891 - [CONTINUE] - Iter 2470/3290 | Loss: 0.00806 | Train RES: 0.0216 | Val RES: 0.0536 | LR: 0.000168
2025-12-10 14:03:06,676 - [CONTINUE] - Iter 2480/3290 | Loss: 0.00927 | Train RES: 0.0294 | Val RES: 0.0544 | LR: 0.000168
2025-12-10 14:03:26,467 - [CONTINUE] - Iter 2490/3290 | Loss: 0.00791 | Train RES: 0.0242 | Val RES: 0.0521 | LR: 0.000167
2025-12-10 14:03:46,211 - [CONTINUE] - Iter 2500/3290 | Loss: 0.01088 | Train RES: 0.0383 | Val RES: 0.0571 | LR: 0.000167
2025-12-10 14:04:05,869 - [CONTINUE] - Iter 2510/3290 | Loss: 0.00858 | Train RES: 0.0277 | Val RES: 0.0565 | LR: 0.000166
2025-12-10 14:04:25,731 - [CONTINUE] - Iter 2520/3290 | Loss: 0.01176 | Train RES: 0.0335 | Val RES: 0.0523 | LR: 0.000166
2025-12-10 14:04:45,441 - [CONTINUE] - Iter 2530/3290 | Loss: 0.00877 | Train RES: 0.0241 | Val RES: 0.0504 | LR: 0.000165
2025-12-10 14:05:05,132 - [CONTINUE] - Iter 2540/3290 | Loss: 0.00778 | Train RES: 0.0222 | Val RES: 0.0598 | LR: 0.000164
2025-12-10 14:05:24,962 - [CONTINUE] - Iter 2550/3290 | Loss: 0.00894 | Train RES: 0.0265 | Val RES: 0.0568 | LR: 0.000164
2025-12-10 14:05:44,988 - [CONTINUE] - Iter 2560/3290 | Loss: 0.00881 | Train RES: 0.0245 | Val RES: 0.0575 | LR: 0.000163
2025-12-10 14:06:04,936 - [CONTINUE] - Iter 2570/3290 | Loss: 0.00999 | Train RES: 0.0281 | Val RES: 0.0579 | LR: 0.000163
2025-12-10 14:06:24,709 - [CONTINUE] - Iter 2580/3290 | Loss: 0.00998 | Train RES: 0.0410 | Val RES: 0.0509 | LR: 0.000162
2025-12-10 14:06:44,571 - [CONTINUE] - Iter 2590/3290 | Loss: 0.00762 | Train RES: 0.0201 | Val RES: 0.0512 | LR: 0.000162
2025-12-10 14:07:04,211 - [CONTINUE] - Iter 2600/3290 | Loss: 0.00919 | Train RES: 0.0268 | Val RES: 0.0551 | LR: 0.000161
2025-12-10 14:07:24,144 - [CONTINUE] - Iter 2610/3290 | Loss: 0.01253 | Train RES: 0.0391 | Val RES: 0.0525 | LR: 0.000161
2025-12-10 14:07:44,106 - [CONTINUE] - Iter 2620/3290 | Loss: 0.01766 | Train RES: 0.0577 | Val RES: 0.0583 | LR: 0.000160
2025-12-10 14:08:04,049 - [CONTINUE] - Iter 2630/3290 | Loss: 0.01241 | Train RES: 0.0414 | Val RES: 0.0478 | LR: 0.000160
2025-12-10 14:08:23,937 - [CONTINUE] - Iter 2640/3290 | Loss: 0.01085 | Train RES: 0.0346 | Val RES: 0.0707 | LR: 0.000159
2025-12-10 14:08:43,675 - [CONTINUE] - Iter 2650/3290 | Loss: 0.00941 | Train RES: 0.0266 | Val RES: 0.0523 | LR: 0.000159
2025-12-10 14:09:03,509 - [CONTINUE] - Iter 2660/3290 | Loss: 0.00889 | Train RES: 0.0280 | Val RES: 0.0559 | LR: 0.000158
2025-12-10 14:09:23,234 - [CONTINUE] - Iter 2670/3290 | Loss: 0.00885 | Train RES: 0.0264 | Val RES: 0.0623 | LR: 0.000158
2025-12-10 14:09:42,999 - [CONTINUE] - Iter 2680/3290 | Loss: 0.01005 | Train RES: 0.0254 | Val RES: 0.0640 | LR: 0.000157
2025-12-10 14:10:02,944 - [CONTINUE] - Iter 2690/3290 | Loss: 0.00966 | Train RES: 0.0299 | Val RES: 0.0527 | LR: 0.000157
2025-12-10 14:10:22,892 - [CONTINUE] - Iter 2700/3290 | Loss: 0.01090 | Train RES: 0.0342 | Val RES: 0.0508 | LR: 0.000156
2025-12-10 14:10:42,726 - [CONTINUE] - Iter 2710/3290 | Loss: 0.01341 | Train RES: 0.0394 | Val RES: 0.0522 | LR: 0.000156
2025-12-10 14:11:02,609 - [CONTINUE] - Iter 2720/3290 | Loss: 0.01089 | Train RES: 0.0352 | Val RES: 0.0527 | LR: 0.000155
2025-12-10 14:11:22,398 - [CONTINUE] - Iter 2730/3290 | Loss: 0.00949 | Train RES: 0.0296 | Val RES: 0.0515 | LR: 0.000155
2025-12-10 14:11:42,144 - [CONTINUE] - Iter 2740/3290 | Loss: 0.00956 | Train RES: 0.0217 | Val RES: 0.0610 | LR: 0.000154
2025-12-10 14:12:02,086 - [CONTINUE] - Iter 2750/3290 | Loss: 0.00874 | Train RES: 0.0240 | Val RES: 0.0540 | LR: 0.000154
2025-12-10 14:12:21,823 - [CONTINUE] - Iter 2760/3290 | Loss: 0.00759 | Train RES: 0.0198 | Val RES: 0.0554 | LR: 0.000153
2025-12-10 14:12:41,692 - [CONTINUE] - Iter 2770/3290 | Loss: 0.00912 | Train RES: 0.0268 | Val RES: 0.0563 | LR: 0.000153
2025-12-10 14:13:02,173 - [CONTINUE] - Iter 2780/3290 | Loss: 0.01072 | Train RES: 0.0372 | Val RES: 0.0505 | LR: 0.000152
2025-12-10 14:13:27,135 - [CONTINUE] - Iter 2790/3290 | Loss: 0.01093 | Train RES: 0.0360 | Val RES: 0.0541 | LR: 0.000152
2025-12-10 14:13:48,210 - [CONTINUE] - Iter 2800/3290 | Loss: 0.00990 | Train RES: 0.0245 | Val RES: 0.0513 | LR: 0.000151
2025-12-10 14:14:09,632 - [CONTINUE] - Iter 2810/3290 | Loss: 0.00898 | Train RES: 0.0244 | Val RES: 0.0597 | LR: 0.000151
2025-12-10 14:14:30,479 - [CONTINUE] - Iter 2820/3290 | Loss: 0.00761 | Train RES: 0.0310 | Val RES: 0.0472 | LR: 0.000151
